<?xml version="1.0" encoding="UTF-8"?>
<!-- Generated by org.testng.reporters.JUnitReportReporter -->
<testsuite hostname="Pallavi-Sadhus-MacBook-Air.local" failures="0" tests="2" name="Assignment2.CodingAssignment.CodingAssignment2" time="4.771" errors="0" timestamp="2022-12-03T19:01:45 CST" skipped="0">
  <testcase classname="Assignment2.CodingAssignment.CodingAssignment2" name="printNumbers" time="0.003"/>
  <system-out/>
  <testcase classname="Assignment2.CodingAssignment.CodingAssignment2" name="printMultiplicationTable" time="4.768"/>
  <system-out/>
</testsuite> <!-- Assignment2.CodingAssignment.CodingAssignment2 -->
