<?xml version="1.0" encoding="UTF-8"?>
<!-- Generated by org.testng.reporters.JUnitReportReporter -->
<testsuite hostname="Pallavi-Sadhus-MacBook-Air.local" failures="0" tests="1" name="Assignment2.CodingAssignment.CodingAssignment6" time="2.496" errors="0" timestamp="2022-12-04T13:27:44 CST" skipped="0">
  <testcase classname="Assignment2.CodingAssignment.CodingAssignment6" name="isCahr" time="2.496"/>
  <system-out/>
</testsuite> <!-- Assignment2.CodingAssignment.CodingAssignment6 -->
