<?xml version="1.0" encoding="UTF-8"?>
<!-- Generated by org.testng.reporters.JUnitReportReporter -->
<testsuite hostname="Pallavi-Sadhus-MacBook-Air.local" failures="0" tests="1" name="Assignment2.CodingAssignment.CodingAssignment5" time="2.876" errors="0" timestamp="2022-12-04T12:52:13 CST" skipped="0">
  <testcase classname="Assignment2.CodingAssignment.CodingAssignment5" name="method1" time="2.876"/>
  <system-out/>
</testsuite> <!-- Assignment2.CodingAssignment.CodingAssignment5 -->
