<?xml version="1.0" encoding="UTF-8"?>
<!-- Generated by org.testng.reporters.JUnitReportReporter -->
<testsuite hostname="Pallavi-Sadhus-MacBook-Air.local" failures="0" tests="2" name="Assignment2.CodingAssignment.CodingAssignment4" time="0.017" errors="0" timestamp="2022-12-04T11:39:21 CST" skipped="0">
  <testcase classname="Assignment2.CodingAssignment.CodingAssignment4" name="method1" time="0.015"/>
  <system-out/>
  <testcase classname="Assignment2.CodingAssignment.CodingAssignment4" name="method2" time="0.002"/>
  <system-out/>
</testsuite> <!-- Assignment2.CodingAssignment.CodingAssignment4 -->
