<?xml version="1.0" encoding="UTF-8"?>
<!-- Generated by org.testng.reporters.JUnitReportReporter -->
<testsuite hostname="Pallavi-Sadhus-MacBook-Air.local" failures="0" tests="1" name="Assignment2.CodingAssignment.CodingAssignment7" time="5.379" errors="0" timestamp="2022-12-04T14:13:58 CST" skipped="0">
  <testcase classname="Assignment2.CodingAssignment.CodingAssignment7" name="findNumberOfDays" time="5.379"/>
  <system-out/>
</testsuite> <!-- Assignment2.CodingAssignment.CodingAssignment7 -->
