<?xml version="1.0" encoding="UTF-8"?>
<!-- Generated by org.testng.reporters.JUnitReportReporter -->
<testsuite hostname="Pallavi-Sadhus-MacBook-Air.local" failures="0" tests="2" name="Assignment2.CodingAssignment.CodingAssignment1" time="0.016" errors="0" timestamp="2022-12-03T18:57:53 CST" skipped="0">
  <testcase classname="Assignment2.CodingAssignment.CodingAssignment1" name="helloUpper" time="0.014"/>
  <system-out/>
  <testcase classname="Assignment2.CodingAssignment.CodingAssignment1" name="printHello" time="0.002"/>
  <system-out/>
</testsuite> <!-- Assignment2.CodingAssignment.CodingAssignment1 -->
