<?xml version="1.0" encoding="UTF-8"?>
<!-- Generated by org.testng.reporters.JUnitReportReporter -->
<testsuite hostname="Pallavi-Sadhus-MacBook-Air.local" failures="0" tests="4" name="Assignment2.CodingAssignment.CodingAssignment3" time="17.977" errors="0" timestamp="2022-12-04T10:45:43 CST" skipped="0">
  <testcase classname="Assignment2.CodingAssignment.CodingAssignment3" name="printNumber" time="3.310"/>
  <system-out/>
  <testcase classname="Assignment2.CodingAssignment.CodingAssignment3" name="printStatements" time="0.003"/>
  <system-out/>
  <testcase classname="Assignment2.CodingAssignment.CodingAssignment3" name="printPrimeNumbers" time="3.773"/>
  <system-out/>
  <testcase classname="Assignment2.CodingAssignment.CodingAssignment3" name="findFactorial" time="10.891"/>
  <system-out/>
</testsuite> <!-- Assignment2.CodingAssignment.CodingAssignment3 -->
